<?xml version="1.0" encoding="UTF-8"?>
<!-- Generated by org.testng.reporters.JUnitReportReporter -->
<testsuite hostname="ROHITQA26324L" failures="0" tests="3" name="dummytesting.DummyWebsite" time="6.829" errors="0" timestamp="2025-01-08T15:03:05 IST" skipped="0">
  <testcase classname="dummytesting.DummyWebsite" name="registrationProcess" time="5.511"/>
  <system-out/>
  <testcase classname="dummytesting.DummyWebsite" name="takeScreenshot" time="0.145"/>
  <system-out/>
  <testcase classname="dummytesting.DummyWebsite" name="loginProcess" time="1.173"/>
  <system-out/>
</testsuite> <!-- dummytesting.DummyWebsite -->
