<?xml version="1.0" encoding="UTF-8"?>
<!-- Generated by org.testng.reporters.JUnitReportReporter -->
<testsuite hostname="ROHITQA26324L" failures="0" tests="3" name="dummytesting.DummyWebsite" time="5.816" errors="0" timestamp="2025-01-08T15:27:09 IST" skipped="0">
  <testcase classname="dummytesting.DummyWebsite" name="registrationProcess" time="5.008"/>
  <system-out/>
  <testcase classname="dummytesting.DummyWebsite" name="takeScreenshot" time="0.155"/>
  <system-out/>
  <testcase classname="dummytesting.DummyWebsite" name="loginProcess" time="0.653"/>
  <system-out/>
</testsuite> <!-- dummytesting.DummyWebsite -->
