<?xml version="1.0" encoding="UTF-8"?>
<!-- Generated by org.testng.reporters.JUnitReportReporter -->
<testsuite hostname="ROHITQA26324L" failures="0" tests="3" name="dummytesting.DummyWebsite" time="7.203" errors="0" timestamp="2025-01-08T14:38:46 IST" skipped="0">
  <testcase classname="dummytesting.DummyWebsite" name="registrationProcess" time="5.637"/>
  <system-out/>
  <testcase classname="dummytesting.DummyWebsite" name="takeScreenshot" time="0.171"/>
  <system-out/>
  <testcase classname="dummytesting.DummyWebsite" name="loginProcess" time="1.395"/>
  <system-out/>
</testsuite> <!-- dummytesting.DummyWebsite -->
